<?xml version="1.0" encoding="UTF-8"?>
<testng-results skipped="0" failed="0" ignored="0" total="1" passed="1">
  <reporter-output>
  </reporter-output>
  <suite name="Default suite" duration-ms="195" started-at="2022-02-16T21:51:51 IST" finished-at="2022-02-16T21:51:51 IST">
    <groups>
    </groups>
    <test name="Default test" duration-ms="195" started-at="2022-02-16T21:51:51 IST" finished-at="2022-02-16T21:51:51 IST">
      <class name="Serialization.EmployeeArrayDetails">
        <test-method status="PASS" signature="serialization()[pri:0, instance:Serialization.EmployeeArrayDetails@69a3d1d]" name="serialization" duration-ms="158" started-at="2022-02-16T21:51:51 IST" finished-at="2022-02-16T21:51:51 IST">
          <reporter-output>
          </reporter-output>
        </test-method> <!-- serialization -->
      </class> <!-- Serialization.EmployeeArrayDetails -->
    </test> <!-- Default test -->
  </suite> <!-- Default suite -->
</testng-results>
