<?xml version="1.0" encoding="UTF-8"?>
<!-- Generated by org.testng.reporters.JUnitXMLReporter -->
<testsuite hostname="LAPTOP-B0EANC92" ignored="2" name="TestRunner-2" tests="2" failures="0" timestamp="2021-12-27T14:30:46 IST" time="57.966" errors="0">
  <testcase name="CreateContacttTest" time="12.151" classname="com.AutoDesk.contacts.CreateContacttTest"/>
  <testcase name="createContactwithOrgTest" time="25.092" classname="com.AutoDesk.contacts.createContactwithOrgTest"/>
  <testcase name="@BeforeSuite dbconnection" time="0.0" classname="com.crm.autodesk.GenericUtility.BaseClass">
    <ignored/>
  </testcase> <!-- @BeforeSuite dbconnection -->
  <testcase name="@AfterSuite closeDbconnection" time="0.0" classname="com.crm.autodesk.GenericUtility.BaseClass">
    <ignored/>
  </testcase> <!-- @AfterSuite closeDbconnection -->
</testsuite> <!-- TestRunner-2 -->
