<?xml version="1.0" encoding="UTF-8"?>
<!-- Generated by org.testng.reporters.JUnitXMLReporter -->
<testsuite hostname="LAPTOP-B0EANC92" ignored="2" name="TestRunner-1" tests="3" failures="0" timestamp="2021-12-27T14:30:41 IST" time="52.949" errors="0">
  <testcase name="createOrgTest" time="12.175" classname="com.Crm.Autodesk.Org.CreateOrgTest"/>
  <testcase name="demoTest" time="0.001" classname="com.Crm.Autodesk.Org.CreateOrgTest"/>
  <testcase name="CreateOrgwithInduAndTypeTest" time="11.797" classname="com.Crm.Autodesk.Org.CreateOrgwithInduAndTypeTest"/>
  <testcase name="@BeforeSuite dbconnection" time="0.0" classname="com.crm.autodesk.GenericUtility.BaseClass">
    <ignored/>
  </testcase> <!-- @BeforeSuite dbconnection -->
  <testcase name="@AfterSuite closeDbconnection" time="0.0" classname="com.crm.autodesk.GenericUtility.BaseClass">
    <ignored/>
  </testcase> <!-- @AfterSuite closeDbconnection -->
</testsuite> <!-- TestRunner-1 -->
