<?xml version="1.0" encoding="UTF-8"?>
<!-- Generated by org.testng.reporters.JUnitXMLReporter -->
<testsuite hostname="LAPTOP-B0EANC92" ignored="6" name="Test" tests="4" failures="1" timestamp="2022-01-03T17:14:53 IST" time="103.763" errors="0">
  <testcase name="createOrgTest" time="12.751" classname="com.Crm.Autodesk.Org.CreateOrgTest">
    <failure type="java.lang.AssertionError" message="null">
      <![CDATA[java.lang.AssertionError: null
at com.Crm.Autodesk.Org.CreateOrgTest.createOrgTest(CreateOrgTest.java:30)
at java.util.ArrayList.forEach(ArrayList.java:1257)
... Removed 29 stack frames]]>
    </failure>
  </testcase> <!-- createOrgTest -->
  <testcase name="CreateOrgwithInduAndTypeTest" time="13.997" classname="com.Crm.Autodesk.Org.CreateOrgwithInduAndTypeTest"/>
  <testcase name="CreateContacttTest" time="10.093" classname="com.AutoDesk.contacts.CreateContacttTest"/>
  <testcase name="createContactwithOrgTest" time="24.835" classname="com.AutoDesk.contacts.createContactwithOrgTest"/>
  <testcase name="@BeforeSuite dbconnection" time="0.0" classname="com.crm.autodesk.GenericUtility.BaseClass">
    <ignored/>
  </testcase> <!-- @BeforeSuite dbconnection -->
  <testcase name="@BeforeSuite dbconnection" time="0.0" classname="com.crm.autodesk.GenericUtility.BaseClass">
    <ignored/>
  </testcase> <!-- @BeforeSuite dbconnection -->
  <testcase name="@BeforeSuite dbconnection" time="0.0" classname="com.crm.autodesk.GenericUtility.BaseClass">
    <ignored/>
  </testcase> <!-- @BeforeSuite dbconnection -->
  <testcase name="@AfterSuite closeDbconnection" time="0.0" classname="com.crm.autodesk.GenericUtility.BaseClass">
    <ignored/>
  </testcase> <!-- @AfterSuite closeDbconnection -->
  <testcase name="@AfterSuite closeDbconnection" time="0.0" classname="com.crm.autodesk.GenericUtility.BaseClass">
    <ignored/>
  </testcase> <!-- @AfterSuite closeDbconnection -->
  <testcase name="@AfterSuite closeDbconnection" time="0.0" classname="com.crm.autodesk.GenericUtility.BaseClass">
    <ignored/>
  </testcase> <!-- @AfterSuite closeDbconnection -->
</testsuite> <!-- Test -->
