<?xml version="1.0" encoding="UTF-8"?>
<!-- Generated by org.testng.reporters.JUnitXMLReporter -->
<testsuite hostname="LAPTOP-B0EANC92" ignored="1" name="Test" tests="1" failures="0" timestamp="2021-12-27T14:25:08 IST" time="12.548" errors="0">
  <testcase name="demoTest" time="0.007" classname="com.Crm.Autodesk.Org.CreateOrgTest"/>
  <testcase name="createOrgTest" time="0.0" classname="com.Crm.Autodesk.Org.CreateOrgTest">
    <ignored/>
  </testcase> <!-- createOrgTest -->
</testsuite> <!-- Test -->
